2025-07-13 17:55:17,847 - ig-04                     - <module>             -    84 - INFO       - Step  1: Importing libraries and setting up the environment
2025-07-13 17:55:17,847 - ig-04                     - <module>             -    85 - WARNING    - This code is designed to run in a Jupyter notebook or similar environment.
2025-07-13 17:55:17,848 - ig-04                     - <module>             -    86 - ERROR      - If you encounter any issues, please check the environment setup.
2025-07-13 17:55:17,850 - resolver                  - tfhub_cache_dir      -   108 - INFO       - Using /var/folders/v9/gfb6h1mj0jzckj04d4xhj7dh0000gn/T/tfhub_modules to cache modules.
2025-07-13 17:55:18,188 - load                      - load_partial         -  1083 - INFO       - Fingerprint not found. Saved model loading will continue.
2025-07-13 17:55:18,188 - load                      - load_partial         -  1102 - INFO       - path_and_singleprint metric could not be logged. Saved model loading will continue.
2025-07-13 17:55:18,194 - ig-04                     - <module>             -   108 - INFO       - Step  2: Loading the pre-trained Inception V1 model from TensorFlow Hub
2025-07-13 17:55:18,194 - ig-04                     - <module>             -   145 - INFO       - Step  3: Loading ImageNet labels for model predictions
2025-07-13 17:55:18,194 - ig-04                     - <module>             -   179 - INFO       - Step  4: Defining the function to read and preprocess images
2025-07-13 17:55:18,397 - ig-04                     - <module>             -   208 - INFO       - Step  5: Downloading and preprocessing images for Integrated Gradients demonstration
2025-07-13 17:55:18,478 - ig-04                     - <module>             -   229 - INFO       - Step  6: Visualizing preprocessed images
2025-07-13 17:55:18,478 - ig-04                     - <module>             -   263 - INFO       - Step  7: Defining the function to get top-k predictions
2025-07-13 17:55:18,478 - ig-04                     - <module>             -   278 - INFO       - Step  8: Displaying images and printing top-k predictions
2025-07-13 17:55:18,478 - ig-04                     - <module>             -   279 - INFO       - Step  8: -------------------------------------
2025-07-13 17:55:18,710 - ig-04                     - <module>             -   287 - INFO       - Step  8: Top 1001 predictions for Fireboat:
2025-07-13 17:55:18,710 - ig-04                     - <module>             -   288 - INFO       - Step  8: -------------------------------------
2025-07-13 17:55:18,710 - ig-04                     - <module>             -   289 - INFO       - Step  8: Image shape       : (224, 224, 3)
2025-07-13 17:55:18,711 - ig-04                     - <module>             -   290 - INFO       - Step  8: Image pixel range : 0.00 to 1.00
2025-07-13 17:55:18,712 - ig-04                     - <module>             -   291 - INFO       - Step  8: Image pixel mean  : 0.37
2025-07-13 17:55:18,713 - ig-04                     - <module>             -   292 - INFO       - Step  8: Image pixel stddev: 0.32
2025-07-13 17:55:18,713 - ig-04                     - <module>             -   293 - INFO       - Step  8: Top predictions:
2025-07-13 17:55:18,713 - ig-04                     - <module>             -   295 - INFO       - Step  8: fireboat          : 32.6%
2025-07-13 17:55:18,713 - ig-04                     - <module>             -   295 - INFO       - Step  8: pier              : 12.7%
2025-07-13 17:55:18,713 - ig-04                     - <module>             -   295 - INFO       - Step  8: suspension bridge : 5.7%
2025-07-13 17:55:18,713 - ig-04                     - <module>             -   296 - INFO       - Step  8: -------------------------------------
2025-07-13 17:55:18,753 - ig-04                     - <module>             -   287 - INFO       - Step  8: Top 1001 predictions for Giant Panda:
2025-07-13 17:55:18,753 - ig-04                     - <module>             -   288 - INFO       - Step  8: -------------------------------------
2025-07-13 17:55:18,753 - ig-04                     - <module>             -   289 - INFO       - Step  8: Image shape       : (224, 224, 3)
2025-07-13 17:55:18,754 - ig-04                     - <module>             -   290 - INFO       - Step  8: Image pixel range : 0.00 to 0.96
2025-07-13 17:55:18,754 - ig-04                     - <module>             -   291 - INFO       - Step  8: Image pixel mean  : 0.15
2025-07-13 17:55:18,754 - ig-04                     - <module>             -   292 - INFO       - Step  8: Image pixel stddev: 0.25
2025-07-13 17:55:18,754 - ig-04                     - <module>             -   293 - INFO       - Step  8: Top predictions:
2025-07-13 17:55:18,754 - ig-04                     - <module>             -   295 - INFO       - Step  8: giant panda       : 89.4%
2025-07-13 17:55:18,754 - ig-04                     - <module>             -   295 - INFO       - Step  8: teddy             : 0.3%
2025-07-13 17:55:18,754 - ig-04                     - <module>             -   295 - INFO       - Step  8: gibbon            : 0.3%
2025-07-13 17:55:18,754 - ig-04                     - <module>             -   296 - INFO       - Step  8: -------------------------------------
2025-07-13 17:55:18,795 - ig-04                     - <module>             -   287 - INFO       - Step  8: Top 1001 predictions for coyote:
2025-07-13 17:55:18,795 - ig-04                     - <module>             -   288 - INFO       - Step  8: -------------------------------------
2025-07-13 17:55:18,795 - ig-04                     - <module>             -   289 - INFO       - Step  8: Image shape       : (224, 224, 3)
2025-07-13 17:55:18,795 - ig-04                     - <module>             -   290 - INFO       - Step  8: Image pixel range : 0.00 to 1.00
2025-07-13 17:55:18,795 - ig-04                     - <module>             -   291 - INFO       - Step  8: Image pixel mean  : 0.57
2025-07-13 17:55:18,795 - ig-04                     - <module>             -   292 - INFO       - Step  8: Image pixel stddev: 0.45
2025-07-13 17:55:18,795 - ig-04                     - <module>             -   293 - INFO       - Step  8: Top predictions:
2025-07-13 17:55:18,796 - ig-04                     - <module>             -   295 - INFO       - Step  8: coyote            : 90.1%
2025-07-13 17:55:18,796 - ig-04                     - <module>             -   295 - INFO       - Step  8: timber wolf       : 5.4%
2025-07-13 17:55:18,796 - ig-04                     - <module>             -   295 - INFO       - Step  8: grey fox          : 1.7%
2025-07-13 17:55:18,796 - ig-04                     - <module>             -   296 - INFO       - Step  8: -------------------------------------
2025-07-13 17:55:18,859 - ig-04                     - <module>             -   346 - INFO       - Step  9: Visualizing the intuition behind Integrated Gradients
2025-07-13 17:55:18,890 - ig-04                     - <module>             -   367 - INFO       - Step 10: Defining the baseline image for Integrated Gradients
2025-07-13 17:55:19,728 - ig-04                     - <module>             -   436 - INFO       - Step 11: Interpolating images between baseline and target image
2025-07-13 17:55:21,816 - ig-04                     - <module>             -   488 - INFO       - Step 12: Computing gradients along the interpolated path
2025-07-13 17:55:21,888 - ig-04                     - <module>             -   523 - INFO       - Step 13: Calculating average pixel gradients over the interpolated path
2025-07-13 17:55:21,888 - ig-04                     - <module>             -   550 - INFO       - Step 14: Defining the function to compute integrated gradients
2025-07-13 17:55:21,891 - ig-04                     - <module>             -   572 - INFO       - Step 15: Computing integrated gradients from path gradients
2025-07-13 17:55:21,891 - ig-04                     - <module>             -   617 - INFO       - Step 16: Defining the function to compute integrated gradients
2025-07-13 17:55:21,891 - ig-04                     - <module>             -   646 - INFO       - Step 17: Defining the function to compute gradients for one batch of interpolated images
2025-07-13 17:55:27,236 - ig-04                     - <module>             -   669 - INFO       - Attributions shape Fireboat   : (224, 224, 3)
2025-07-13 17:55:31,317 - ig-04                     - <module>             -   671 - INFO       - Attributions shape Giant Panda: (224, 224, 3)
2025-07-13 17:55:35,424 - ig-04                     - <module>             -   673 - INFO       - Attributions shape Coyote     : (224, 224, 3)
2025-07-13 17:55:35,424 - ig-04                     - <module>             -   674 - INFO       - Step 18: Computing Integrated Gradients for specific images
2025-07-13 17:55:35,424 - ig-04                     - <module>             -   728 - INFO       - Step 19: Defining the function to visualize Integrated Gradients attributions
2025-07-13 17:55:42,897 - ig-04                     - <module>             -   756 - INFO       - Step 20: Visualizing Integrated Gradients attributions for specific images
2025-07-13 17:55:42,897 - ig-04                     - <module>             -   757 - INFO       - Step 99: End of Script
